<?xml version="1.0" encoding="UTF-8"?>
<testsuites name="Mocha Tests" time="118.765" tests="6" failures="6">
  <testsuite name="Root Suite" timestamp="2026-03-13T15:06:03" tests="0" file="cypress/e2e/29-sandbox-mode.cy.ts" time="0.000" failures="0">
  </testsuite>
  <testsuite name="29 · Sandbox Mode — free-to-paid funnel" timestamp="2026-03-13T15:06:03" tests="6" time="118.756" failures="6">
    <testcase name="29 · Sandbox Mode — free-to-paid funnel 01 Chat tab shows violet sandbox banner on fresh instance" time="0.000" classname="01 Chat tab shows violet sandbox banner on fresh instance">
      <failure message="Timed out retrying after 15000ms: Expected to find content: &apos;Send a message to start the conversation.&apos; but never did." type="AssertionError"><![CDATA[AssertionError: Timed out retrying after 15000ms: Expected to find content: 'Send a message to start the conversation.' but never did.
    at visitChatTab (webpack://web/./cypress/e2e/29-sandbox-mode.cy.ts:32:79)
    at Context.eval (webpack://web/./cypress/e2e/29-sandbox-mode.cy.ts:73:4)]]></failure>
    </testcase>
    <testcase name="29 · Sandbox Mode — free-to-paid funnel 02 Overview tab shows sandbox progress bar widget" time="0.000" classname="02 Overview tab shows sandbox progress bar widget">
      <failure message="Timed out retrying after 10050ms: `cy.click()` failed because this element is not visible:

`&lt;a class=&quot;flex items-center gap-3 px-3 py-2 rounded-lg text-sm transition-colors text-zinc-400 hover:text-white hover:bg-white/5&quot; href=&quot;/en/dashboard&quot;&gt;...&lt;/a&gt;`

This element `&lt;a.flex.items-center.gap-3.px-3.py-2.rounded-lg.text-sm.transition-colors.text-zinc-400.hover:text-white.hover:bg-white/5&gt;` is not visible because its parent `&lt;div.md:hidden.fixed.top-0.left-0.bottom-0.w-64.bg-[#0a0a0f].border-r.border-white/5.z-50.transition-transform.duration-200.-translate-x-full&gt;` has CSS property: `display: none`

Fix this problem, or use `{force: true}` to disable error checking.

https://on.cypress.io/element-cannot-be-interacted-with" type="CypressError"><![CDATA[CypressError: Timed out retrying after 10050ms: `cy.click()` failed because this element is not visible:

`<a class="flex items-center gap-3 px-3 py-2 rounded-lg text-sm transition-colors text-zinc-400 hover:text-white hover:bg-white/5" href="/en/dashboard">...</a>`

This element `<a.flex.items-center.gap-3.px-3.py-2.rounded-lg.text-sm.transition-colors.text-zinc-400.hover:text-white.hover:bg-white/5>` is not visible because its parent `<div.md:hidden.fixed.top-0.left-0.bottom-0.w-64.bg-[#0a0a0f].border-r.border-white/5.z-50.transition-transform.duration-200.-translate-x-full>` has CSS property: `display: none`

Fix this problem, or use `{force: true}` to disable error checking.

https://on.cypress.io/element-cannot-be-interacted-with
    at runVisibilityCheck (http://localhost:3000/__cypress/runner/cypress_runner.js:153214:58)
    at Object.isStrictlyVisible (http://localhost:3000/__cypress/runner/cypress_runner.js:153228:10)
    at runAllChecks (http://localhost:3000/__cypress/runner/cypress_runner.js:115518:26)
    at retryActionability (http://localhost:3000/__cypress/runner/cypress_runner.js:115586:16)
    at tryCatcher (http://localhost:3000/__cypress/runner/cypress_runner.js:1777:23)
    at Promise.attempt.Promise.try (http://localhost:3000/__cypress/runner/cypress_runner.js:4285:29)
    at whenStable (http://localhost:3000/__cypress/runner/cypress_runner.js:152022:68)
    at <unknown> (http://localhost:3000/__cypress/runner/cypress_runner.js:151963:14)
    at tryCatcher (http://localhost:3000/__cypress/runner/cypress_runner.js:1777:23)
    at Promise._settlePromiseFromHandler (http://localhost:3000/__cypress/runner/cypress_runner.js:1489:31)
    at Promise._settlePromise (http://localhost:3000/__cypress/runner/cypress_runner.js:1546:18)
    at Promise._settlePromise0 (http://localhost:3000/__cypress/runner/cypress_runner.js:1591:10)
    at Promise._settlePromises (http://localhost:3000/__cypress/runner/cypress_runner.js:1671:18)
    at Promise._fulfill (http://localhost:3000/__cypress/runner/cypress_runner.js:1615:18)
    at <unknown> (http://localhost:3000/__cypress/runner/cypress_runner.js:5420:46)
From Your Spec Code:
    at visitOverviewTab (webpack://web/./cypress/e2e/29-sandbox-mode.cy.ts:37:46)
    at Context.eval (webpack://web/./cypress/e2e/29-sandbox-mode.cy.ts:94:4)]]></failure>
    </testcase>
    <testcase name="29 · Sandbox Mode — free-to-paid funnel 03 banner turns amber when ≤5 messages remain" time="0.000" classname="03 banner turns amber when ≤5 messages remain">
      <failure message="Timed out retrying after 15000ms: Expected to find content: &apos;Send a message to start the conversation.&apos; but never did." type="AssertionError"><![CDATA[AssertionError: Timed out retrying after 15000ms: Expected to find content: 'Send a message to start the conversation.' but never did.
    at visitChatTab (webpack://web/./cypress/e2e/29-sandbox-mode.cy.ts:32:79)
    at Context.eval (webpack://web/./cypress/e2e/29-sandbox-mode.cy.ts:111:4)]]></failure>
    </testcase>
    <testcase name="29 · Sandbox Mode — free-to-paid funnel 04 banner turns red and shows Add API Key button when exhausted" time="0.000" classname="04 banner turns red and shows Add API Key button when exhausted">
      <failure message="Timed out retrying after 15000ms: Expected to find content: &apos;Send a message to start the conversation.&apos; but never did." type="AssertionError"><![CDATA[AssertionError: Timed out retrying after 15000ms: Expected to find content: 'Send a message to start the conversation.' but never did.
    at visitChatTab (webpack://web/./cypress/e2e/29-sandbox-mode.cy.ts:32:79)
    at Context.eval (webpack://web/./cypress/e2e/29-sandbox-mode.cy.ts:130:4)]]></failure>
    </testcase>
    <testcase name="29 · Sandbox Mode — free-to-paid funnel 05 sending chat when exhausted triggers 402 → out-of-credits inline message" time="0.000" classname="05 sending chat when exhausted triggers 402 → out-of-credits inline message">
      <failure message="Timed out retrying after 15000ms: Expected to find content: &apos;Send a message to start the conversation.&apos; but never did." type="AssertionError"><![CDATA[AssertionError: Timed out retrying after 15000ms: Expected to find content: 'Send a message to start the conversation.' but never did.
    at visitChatTab (webpack://web/./cypress/e2e/29-sandbox-mode.cy.ts:32:79)
    at Context.eval (webpack://web/./cypress/e2e/29-sandbox-mode.cy.ts:149:4)]]></failure>
    </testcase>
    <testcase name="29 · Sandbox Mode — free-to-paid funnel 06 saving LLM credential graduates instance — banner disappears" time="0.000" classname="06 saving LLM credential graduates instance — banner disappears">
      <failure message="Timed out retrying after 15000ms: Expected to find content: &apos;Send a message to start the conversation.&apos; but never did." type="AssertionError"><![CDATA[AssertionError: Timed out retrying after 15000ms: Expected to find content: 'Send a message to start the conversation.' but never did.
    at visitChatTab (webpack://web/./cypress/e2e/29-sandbox-mode.cy.ts:32:79)
    at Context.eval (webpack://web/./cypress/e2e/29-sandbox-mode.cy.ts:178:4)]]></failure>
    </testcase>
  </testsuite>
</testsuites>