<?xml version="1.0" encoding="UTF-8"?>
<testsuites name="Mocha Tests" time="30.606" tests="5" failures="2">
  <testsuite name="Root Suite" timestamp="2026-03-13T15:17:51" tests="0" file="cypress/e2e/30-public-chat.cy.ts" time="0.000" failures="0">
  </testsuite>
  <testsuite name="30 · Public Chat Page + Widget" timestamp="2026-03-13T15:17:51" tests="5" time="30.602" failures="2">
    <testcase name="30 · Public Chat Page + Widget renders the public chat page with agent name and welcome message" time="0.000" classname="renders the public chat page with agent name and welcome message">
      <failure message="`cy.visit()` failed trying to load:

http://localhost:3000/chat/cmmkswdsp00028n8gryir5kwn

The response we received from your web server was:

  &gt; 404: Not Found

This was considered a failure because the status code was not `2xx`.

This http request was redirected &apos;1&apos; time to:

  - 307: http://localhost:3000/en/chat/cmmkswdsp00028n8gryir5kwn

If you do not want status codes to cause failures pass the option: `failOnStatusCode: false`" type="CypressError"><![CDATA[CypressError: `cy.visit()` failed trying to load:

http://localhost:3000/chat/cmmkswdsp00028n8gryir5kwn

The response we received from your web server was:

  > 404: Not Found

This was considered a failure because the status code was not `2xx`.

This http request was redirected '1' time to:

  - 307: http://localhost:3000/en/chat/cmmkswdsp00028n8gryir5kwn

If you do not want status codes to cause failures pass the option: `failOnStatusCode: false`
    at <unknown> (http://localhost:3000/__cypress/runner/cypress_runner.js:135140:76)
    at visitFailedByErr (http://localhost:3000/__cypress/runner/cypress_runner.js:134730:12)
    at <unknown> (http://localhost:3000/__cypress/runner/cypress_runner.js:135123:13)
    at tryCatcher (http://localhost:3000/__cypress/runner/cypress_runner.js:1777:23)
    at Promise._settlePromiseFromHandler (http://localhost:3000/__cypress/runner/cypress_runner.js:1489:31)
    at Promise._settlePromise (http://localhost:3000/__cypress/runner/cypress_runner.js:1546:18)
    at Promise._settlePromise0 (http://localhost:3000/__cypress/runner/cypress_runner.js:1591:10)
    at Promise._settlePromises (http://localhost:3000/__cypress/runner/cypress_runner.js:1667:18)
    at _drainQueueStep (http://localhost:3000/__cypress/runner/cypress_runner.js:2377:12)
    at _drainQueue (http://localhost:3000/__cypress/runner/cypress_runner.js:2370:9)
    at Async._drainQueues (http://localhost:3000/__cypress/runner/cypress_runner.js:2386:5)
    at Async.drainQueues (http://localhost:3000/__cypress/runner/cypress_runner.js:2256:14)
From Your Spec Code:
    at Context.eval (webpack://web/./cypress/e2e/30-public-chat.cy.ts:25:6)
    at getRet (http://localhost:3000/__cypress/runner/cypress_runner.js:122806:20)
    at tryCatcher (http://localhost:3000/__cypress/runner/cypress_runner.js:1777:23)
    at Promise.attempt.Promise.try (http://localhost:3000/__cypress/runner/cypress_runner.js:4285:29)
    at Context.thenFn (http://localhost:3000/__cypress/runner/cypress_runner.js:122817:66)
    at Context.then (http://localhost:3000/__cypress/runner/cypress_runner.js:123068:21)
    at wrapped (http://localhost:3000/__cypress/runner/cypress_runner.js:146326:19)]]></failure>
    </testcase>
    <testcase name="30 · Public Chat Page + Widget sends a message and renders the assistant reply" time="0.000" classname="sends a message and renders the assistant reply">
      <failure message="`cy.visit()` failed trying to load:

http://localhost:3000/chat/cmmkswdsp00028n8gryir5kwn

The response we received from your web server was:

  &gt; 404: Not Found

This was considered a failure because the status code was not `2xx`.

This http request was redirected &apos;1&apos; time to:

  - 307: http://localhost:3000/en/chat/cmmkswdsp00028n8gryir5kwn

If you do not want status codes to cause failures pass the option: `failOnStatusCode: false`" type="CypressError"><![CDATA[CypressError: `cy.visit()` failed trying to load:

http://localhost:3000/chat/cmmkswdsp00028n8gryir5kwn

The response we received from your web server was:

  > 404: Not Found

This was considered a failure because the status code was not `2xx`.

This http request was redirected '1' time to:

  - 307: http://localhost:3000/en/chat/cmmkswdsp00028n8gryir5kwn

If you do not want status codes to cause failures pass the option: `failOnStatusCode: false`
    at <unknown> (http://localhost:3000/__cypress/runner/cypress_runner.js:135140:76)
    at visitFailedByErr (http://localhost:3000/__cypress/runner/cypress_runner.js:134730:12)
    at <unknown> (http://localhost:3000/__cypress/runner/cypress_runner.js:135123:13)
    at tryCatcher (http://localhost:3000/__cypress/runner/cypress_runner.js:1777:23)
    at Promise._settlePromiseFromHandler (http://localhost:3000/__cypress/runner/cypress_runner.js:1489:31)
    at Promise._settlePromise (http://localhost:3000/__cypress/runner/cypress_runner.js:1546:18)
    at Promise._settlePromise0 (http://localhost:3000/__cypress/runner/cypress_runner.js:1591:10)
    at Promise._settlePromises (http://localhost:3000/__cypress/runner/cypress_runner.js:1667:18)
    at _drainQueueStep (http://localhost:3000/__cypress/runner/cypress_runner.js:2377:12)
    at _drainQueue (http://localhost:3000/__cypress/runner/cypress_runner.js:2370:9)
    at Async._drainQueues (http://localhost:3000/__cypress/runner/cypress_runner.js:2386:5)
    at Async.drainQueues (http://localhost:3000/__cypress/runner/cypress_runner.js:2256:14)
From Your Spec Code:
    at Context.eval (webpack://web/./cypress/e2e/30-public-chat.cy.ts:63:7)]]></failure>
    </testcase>
    <testcase name="30 · Public Chat Page + Widget returns 404 for unknown instance ID" time="0.087" classname="returns 404 for unknown instance ID">
    </testcase>
    <testcase name="30 · Public Chat Page + Widget widget.js injects the chat bubble and iframe container" time="6.220" classname="widget.js injects the chat bubble and iframe container">
    </testcase>
    <testcase name="30 · Public Chat Page + Widget widget bubble opens and closes the iframe on click" time="4.861" classname="widget bubble opens and closes the iframe on click">
    </testcase>
  </testsuite>
</testsuites>